E
======================================================================
ERROR: test_baidu_denglu (__main__.BaiduDenglu)
----------------------------------------------------------------------
Traceback (most recent call last):
  File "C:\Users\neunn\Documents\wushixin\eclipse_job\workspaces\PythonCase\src\Python27\test_case\baidu_sign_in.py", line 37, in test_baidu_denglu
    driver.find_element_by_link_text(u"个人中心").click()
  File "c:\python27\lib\site-packages\selenium\webdriver\remote\webelement.py", line 72, in click
    self._execute(Command.CLICK_ELEMENT)
  File "c:\python27\lib\site-packages\selenium\webdriver\remote\webelement.py", line 461, in _execute
    return self._parent.execute(command, params)
  File "c:\python27\lib\site-packages\selenium\webdriver\remote\webdriver.py", line 236, in execute
    self.error_handler.check_response(response)
  File "c:\python27\lib\site-packages\selenium\webdriver\remote\errorhandler.py", line 192, in check_response
    raise exception_class(message, screen, stacktrace)
ElementNotVisibleException: Message: element not visible
  (Session info: chrome=51.0.2704.103)
  (Driver info: chromedriver=2.13.307647 (5a7d0541ebc58e69994a6fb2ed930f45261f3c29),platform=Windows NT 6.1 SP1 x86_64)


----------------------------------------------------------------------
Ran 1 test in 37.253s

FAILED (errors=1)
.
----------------------------------------------------------------------
Ran 1 test in 25.617s

OK
.
----------------------------------------------------------------------
Ran 1 test in 24.567s

OK
.
----------------------------------------------------------------------
Ran 1 test in 24.840s

OK
.
----------------------------------------------------------------------
Ran 1 test in 24.989s

OK
.
----------------------------------------------------------------------
Ran 1 test in 25.066s

OK
.
----------------------------------------------------------------------
Ran 1 test in 24.833s

OK
.
----------------------------------------------------------------------
Ran 1 test in 25.609s

OK
.
----------------------------------------------------------------------
Ran 1 test in 25.381s

OK
.
----------------------------------------------------------------------
Ran 1 test in 25.146s

OK
.
----------------------------------------------------------------------
Ran 1 test in 25.351s

OK
